# JRE version: OpenJDK Runtime Environment Homebrew (11.0.25) (build 11.0.25+0)
# Java VM: OpenJDK 64-Bit Server VM Homebrew (11.0.25+0, mixed mode, tiered, compressed oops, g1 gc, bsd-aarch64)
Heap:
 garbage-first heap   total 318464K, used 168831K [0x00000006c0000000, 0x00000007c0000000)
  region size 1024K, 136 young (139264K), 7 survivors (7168K)
 Metaspace       used 84859K, capacity 86839K, committed 87120K, reserved 1124352K
  class space    used 10688K, capacity 11505K, committed 11584K, reserved 1048576K
GC Heap History (16 events):
Event: 0.263 GC heap before
{Heap before GC invocations=0 (full 0):
 garbage-first heap   total 262144K, used 24576K [0x00000006c0000000, 0x00000007c0000000)
  region size 1024K, 24 young (24576K), 0 survivors (0K)
 Metaspace       used 11499K, capacity 11712K, committed 12032K, reserved 1060864K
  class space    used 1136K, capacity 1212K, committed 1280K, reserved 1048576K
}
Event: 0.266 GC heap after
{Heap after GC invocations=1 (full 0):
 garbage-first heap   total 262144K, used 6801K [0x00000006c0000000, 0x00000007c0000000)
  region size 1024K, 3 young (3072K), 3 survivors (3072K)
 Metaspace       used 11499K, capacity 11712K, committed 12032K, reserved 1060864K
  class space    used 1136K, capacity 1212K, committed 1280K, reserved 1048576K
}
Event: 0.446 GC heap before
{Heap before GC invocations=1 (full 0):
 garbage-first heap   total 262144K, used 62097K [0x00000006c0000000, 0x00000007c0000000)
  region size 1024K, 58 young (59392K), 3 survivors (3072K)
 Metaspace       used 20746K, capacity 21103K, committed 21296K, reserved 1069056K
  class space    used 2398K, capacity 2569K, committed 2688K, reserved 1048576K
}
Event: 0.452 GC heap after
{Heap after GC invocations=2 (full 0):
 garbage-first heap   total 262144K, used 9739K [0x00000006c0000000, 0x00000007c0000000)
  region size 1024K, 6 young (6144K), 6 survivors (6144K)
 Metaspace       used 20746K, capacity 21103K, committed 21296K, reserved 1069056K
  class space    used 2398K, capacity 2569K, committed 2688K, reserved 1048576K
}
Event: 0.633 GC heap before
{Heap before GC invocations=3 (full 0):
 garbage-first heap   total 262144K, used 61963K [0x00000006c0000000, 0x00000007c0000000)
  region size 1024K, 57 young (58368K), 6 survivors (6144K)
 Metaspace       used 29788K, capacity 30453K, committed 30512K, reserved 1077248K
  class space    used 3438K, capacity 3673K, committed 3712K, reserved 1048576K
}
Event: 0.637 GC heap after
{Heap after GC invocations=4 (full 0):
 garbage-first heap   total 262144K, used 12279K [0x00000006c0000000, 0x00000007c0000000)
  region size 1024K, 6 young (6144K), 6 survivors (6144K)
 Metaspace       used 29788K, capacity 30453K, committed 30512K, reserved 1077248K
  class space    used 3438K, capacity 3673K, committed 3712K, reserved 1048576K
}
Event: 0.964 GC heap before
{Heap before GC invocations=4 (full 0):
 garbage-first heap   total 262144K, used 88055K [0x00000006c0000000, 0x00000007c0000000)
  region size 1024K, 80 young (81920K), 6 survivors (6144K)
 Metaspace       used 34606K, capacity 35570K, committed 35760K, reserved 1081344K
  class space    used 4090K, capacity 4493K, committed 4608K, reserved 1048576K
}
Event: 0.968 GC heap after
{Heap after GC invocations=5 (full 0):
 garbage-first heap   total 262144K, used 15979K [0x00000006c0000000, 0x00000007c0000000)
  region size 1024K, 7 young (7168K), 7 survivors (7168K)
 Metaspace       used 34606K, capacity 35570K, committed 35760K, reserved 1081344K
  class space    used 4090K, capacity 4493K, committed 4608K, reserved 1048576K
}
Event: 0.980 GC heap before
{Heap before GC invocations=5 (full 0):
 garbage-first heap   total 262144K, used 18027K [0x00000006c0000000, 0x00000007c0000000)
  region size 1024K, 10 young (10240K), 7 survivors (7168K)
 Metaspace       used 34890K, capacity 35794K, committed 35920K, reserved 1081344K
  class space    used 4126K, capacity 4525K, committed 4608K, reserved 1048576K
}
Event: 0.984 GC heap after
{Heap after GC invocations=6 (full 0):
 garbage-first heap   total 318464K, used 15973K [0x00000006c0000000, 0x00000007c0000000)
  region size 1024K, 7 young (7168K), 7 survivors (7168K)
 Metaspace       used 34890K, capacity 35794K, committed 35920K, reserved 1081344K
  class space    used 4126K, capacity 4525K, committed 4608K, reserved 1048576K
}
Event: 1.974 GC heap before
{Heap before GC invocations=7 (full 0):
 garbage-first heap   total 318464K, used 157285K [0x00000006c0000000, 0x00000007c0000000)
  region size 1024K, 145 young (148480K), 7 survivors (7168K)
 Metaspace       used 57944K, capacity 59270K, committed 59472K, reserved 1101824K
  class space    used 7134K, capacity 7663K, committed 7680K, reserved 1048576K
}
Event: 1.981 GC heap after
{Heap after GC invocations=8 (full 0):
 garbage-first heap   total 318464K, used 28800K [0x00000006c0000000, 0x00000007c0000000)
  region size 1024K, 19 young (19456K), 19 survivors (19456K)
 Metaspace       used 57944K, capacity 59270K, committed 59472K, reserved 1101824K
  class space    used 7134K, capacity 7663K, committed 7680K, reserved 1048576K
}
Event: 2.014 GC heap before
{Heap before GC invocations=8 (full 0):
 garbage-first heap   total 318464K, used 32896K [0x00000006c0000000, 0x00000007c0000000)
  region size 1024K, 24 young (24576K), 19 survivors (19456K)
 Metaspace       used 58995K, capacity 60230K, committed 60304K, reserved 1101824K
  class space    used 7286K, capacity 7791K, committed 7808K, reserved 1048576K
}
Event: 2.022 GC heap after
{Heap after GC invocations=9 (full 0):
 garbage-first heap   total 318464K, used 31495K [0x00000006c0000000, 0x00000007c0000000)
  region size 1024K, 3 young (3072K), 3 survivors (3072K)
 Metaspace       used 58995K, capacity 60230K, committed 60304K, reserved 1101824K
  class space    used 7286K, capacity 7791K, committed 7808K, reserved 1048576K
}
Event: 2.859 GC heap before
{Heap before GC invocations=10 (full 0):
 garbage-first heap   total 318464K, used 152327K [0x00000006c0000000, 0x00000007c0000000)
  region size 1024K, 121 young (123904K), 3 survivors (3072K)
 Metaspace       used 74266K, capacity 75916K, committed 76112K, reserved 1116160K
  class space    used 9407K, capacity 10019K, committed 10048K, reserved 1048576K
}
Event: 2.863 GC heap after
{Heap after GC invocations=11 (full 0):
 garbage-first heap   total 318464K, used 35711K [0x00000006c0000000, 0x00000007c0000000)
  region size 1024K, 7 young (7168K), 7 survivors (7168K)
 Metaspace       used 74266K, capacity 75916K, committed 76112K, reserved 1116160K
  class space    used 9407K, capacity 10019K, committed 10048K, reserved 1048576K
}

